<?xml version="1.0" encoding="UTF-8"?>
<testng-results skipped="0" failed="0" total="1" passed="1">
  <reporter-output>
  </reporter-output>
  <suite name="Surefire suite" duration-ms="20049" started-at="2016-10-24T03:09:12Z" finished-at="2016-10-24T03:09:32Z">
    <groups>
    </groups>
    <test name="Surefire test" duration-ms="20049" started-at="2016-10-24T03:09:12Z" finished-at="2016-10-24T03:09:32Z">
      <class name="com.fsoft.fsu.bu11.TestGoogleCl">
        <test-method status="PASS" signature="method1()[pri:0, instance:com.fsoft.fsu.bu11.TestGoogleCl@23223dd8]" name="method1" duration-ms="20039" started-at="2016-10-24T12:09:12Z" finished-at="2016-10-24T12:09:32Z">
          <reporter-output>
          </reporter-output>
        </test-method> <!-- method1 -->
      </class> <!-- com.fsoft.fsu.bu11.TestGoogleCl -->
    </test> <!-- Surefire test -->
  </suite> <!-- Surefire suite -->
</testng-results>
