<?xml version="1.0" encoding="UTF-8"?>
<testng-results skipped="0" failed="0" total="1" passed="1">
  <reporter-output>
  </reporter-output>
  <suite name="Default suite" duration-ms="15046" started-at="2016-10-23T17:11:58Z" finished-at="2016-10-23T17:12:13Z">
    <groups>
    </groups>
    <test name="Default test" duration-ms="15046" started-at="2016-10-23T17:11:58Z" finished-at="2016-10-23T17:12:13Z">
      <class name="com.fsoft.fsu.bu11.TestGoogleCl">
        <test-method status="PASS" signature="method1()[pri:0, instance:com.fsoft.fsu.bu11.TestGoogleCl@3a82f6ef]" name="method1" duration-ms="14986" started-at="2016-10-24T02:11:58Z" finished-at="2016-10-24T02:12:13Z">
          <reporter-output>
          </reporter-output>
        </test-method> <!-- method1 -->
      </class> <!-- com.fsoft.fsu.bu11.TestGoogleCl -->
    </test> <!-- Default test -->
  </suite> <!-- Default suite -->
</testng-results>
